Using launch settings from D:\Projects\SafeFutureInventorySystem\SafeFutureInventorySystem\Properties\launchSettings.json...
Building...
D:\Projects\SafeFutureInventorySystem\SafeFutureInventorySystem\SafeFutureInventorySystem.csproj : warning NU1701: Package 'iTextSharp 5.5.13.4' was restored using '.NETFramework,Version=v4.6.1, .NETFramework,Version=v4.6.2, .NETFramework,Version=v4.7, .NETFramework,Version=v4.7.1, .NETFramework,Version=v4.7.2, .NETFramework,Version=v4.8, .NETFramework,Version=v4.8.1' instead of the project target framework 'net9.0'. This package may not be fully compatible with your project.
D:\Projects\SafeFutureInventorySystem\SafeFutureInventorySystem\SafeFutureInventorySystem.csproj : warning NU1701: Package 'iTextSharp 5.5.13.4' was restored using '.NETFramework,Version=v4.6.1, .NETFramework,Version=v4.6.2, .NETFramework,Version=v4.7, .NETFramework,Version=v4.7.1, .NETFramework,Version=v4.7.2, .NETFramework,Version=v4.8, .NETFramework,Version=v4.8.1' instead of the project target framework 'net9.0'. This package may not be fully compatible with your project.
info: Microsoft.EntityFrameworkCore.Database.Command[20101]
      Executed DbCommand (5ms) [Parameters=[], CommandType='Text', CommandTimeout='30']
      SELECT COUNT(*) FROM "sqlite_master" WHERE "type" = 'table' AND "rootpage" IS NOT NULL;
info: Microsoft.Hosting.Lifetime[14]
      Now listening on: http://localhost:5174
info: Microsoft.Hosting.Lifetime[0]
      Application started. Press Ctrl+C to shut down.
info: Microsoft.Hosting.Lifetime[0]
      Hosting environment: Development
info: Microsoft.Hosting.Lifetime[0]
      Content root path: D:\Projects\SafeFutureInventorySystem\SafeFutureInventorySystem
warn: Microsoft.AspNetCore.HttpsPolicy.HttpsRedirectionMiddleware[3]
      Failed to determine the https port for redirect.
info: Microsoft.EntityFrameworkCore.Database.Command[20101]
      Executed DbCommand (0ms) [Parameters=[], CommandType='Text', CommandTimeout='30']
      SELECT COUNT(*)
      FROM "InventoryItems" AS "i"
info: Microsoft.EntityFrameworkCore.Database.Command[20101]
      Executed DbCommand (1ms) [Parameters=[@__p_1='?' (DbType = Int32), @__p_0='?' (DbType = Int32)], CommandType='Text', CommandTimeout='30']
      SELECT "i"."Id", "i"."Barcode", "i"."Category", "i"."DateAdded", "i"."Description", "i"."DonorEmail", "i"."DonorName", "i"."DonorPhone", "i"."ExpirationDate", "i"."LastUpdated", "i"."Name", "i"."Quantity"
      FROM "InventoryItems" AS "i"
      ORDER BY "i"."Name"
      LIMIT @__p_1 OFFSET @__p_0
info: Microsoft.EntityFrameworkCore.Database.Command[20101]
      Executed DbCommand (0ms) [Parameters=[], CommandType='Text', CommandTimeout='30']
      SELECT COUNT(*)
      FROM "InventoryItems" AS "i"
info: Microsoft.EntityFrameworkCore.Database.Command[20101]
      Executed DbCommand (0ms) [Parameters=[@__p_1='?' (DbType = Int32), @__p_0='?' (DbType = Int32)], CommandType='Text', CommandTimeout='30']
      SELECT "i"."Id", "i"."Barcode", "i"."Category", "i"."DateAdded", "i"."Description", "i"."DonorEmail", "i"."DonorName", "i"."DonorPhone", "i"."ExpirationDate", "i"."LastUpdated", "i"."Name", "i"."Quantity"
      FROM "InventoryItems" AS "i"
      ORDER BY "i"."Name"
      LIMIT @__p_1 OFFSET @__p_0
info: Microsoft.EntityFrameworkCore.Database.Command[20101]
      Executed DbCommand (0ms) [Parameters=[@__p_0='?' (DbType = Int32)], CommandType='Text', CommandTimeout='30']
      SELECT "i"."Id", "i"."Barcode", "i"."Category", "i"."DateAdded", "i"."Description", "i"."DonorEmail", "i"."DonorName", "i"."DonorPhone", "i"."ExpirationDate", "i"."LastUpdated", "i"."Name", "i"."Quantity"
      FROM "InventoryItems" AS "i"
      WHERE "i"."Id" = @__p_0
      LIMIT 1
info: Microsoft.EntityFrameworkCore.Database.Command[20101]
      Executed DbCommand (0ms) [Parameters=[@__id_0='?' (DbType = Int32), @__p_1='?' (DbType = Int32)], CommandType='Text', CommandTimeout='30']
      SELECT "a"."Id", "a"."AdjustedBy", "a"."AdjustmentDate", "a"."InventoryItemId", "a"."NewQuantity", "a"."OldQuantity", "a"."Reason"
      FROM "AdjustmentLogs" AS "a"
      WHERE "a"."InventoryItemId" = @__id_0
      ORDER BY "a"."AdjustmentDate" DESC
      LIMIT @__p_1
info: Microsoft.EntityFrameworkCore.Database.Command[20101]
      Executed DbCommand (0ms) [Parameters=[], CommandType='Text', CommandTimeout='30']
      SELECT COUNT(*)
      FROM "InventoryItems" AS "i"
info: Microsoft.EntityFrameworkCore.Database.Command[20101]
      Executed DbCommand (0ms) [Parameters=[@__p_0='?' (DbType = Int32)], CommandType='Text', CommandTimeout='30']
      SELECT "i"."Id", "i"."Barcode", "i"."Category", "i"."DateAdded", "i"."Description", "i"."DonorEmail", "i"."DonorName", "i"."DonorPhone", "i"."ExpirationDate", "i"."LastUpdated", "i"."Name", "i"."Quantity"
      FROM "InventoryItems" AS "i"
      ORDER BY "i"."Name"
      LIMIT @__p_0 OFFSET @__p_0
info: Microsoft.EntityFrameworkCore.Database.Command[20101]
      Executed DbCommand (0ms) [Parameters=[], CommandType='Text', CommandTimeout='30']
      SELECT COUNT(*)
      FROM "InventoryItems" AS "i"
info: Microsoft.EntityFrameworkCore.Database.Command[20101]
      Executed DbCommand (0ms) [Parameters=[@__p_1='?' (DbType = Int32), @__p_0='?' (DbType = Int32)], CommandType='Text', CommandTimeout='30']
      SELECT "i"."Id", "i"."Barcode", "i"."Category", "i"."DateAdded", "i"."Description", "i"."DonorEmail", "i"."DonorName", "i"."DonorPhone", "i"."ExpirationDate", "i"."LastUpdated", "i"."Name", "i"."Quantity"
      FROM "InventoryItems" AS "i"
      ORDER BY "i"."Name"
      LIMIT @__p_1 OFFSET @__p_0
info: Microsoft.EntityFrameworkCore.Database.Command[20101]
      Executed DbCommand (0ms) [Parameters=[], CommandType='Text', CommandTimeout='30']
      SELECT COUNT(*)
      FROM "InventoryItems" AS "i"
info: Microsoft.EntityFrameworkCore.Database.Command[20101]
      Executed DbCommand (4ms) [Parameters=[@__p_1='?' (DbType = Int32), @__p_0='?' (DbType = Int32)], CommandType='Text', CommandTimeout='30']
      SELECT "i"."Id", "i"."Barcode", "i"."Category", "i"."DateAdded", "i"."Description", "i"."DonorEmail", "i"."DonorName", "i"."DonorPhone", "i"."ExpirationDate", "i"."LastUpdated", "i"."Name", "i"."Quantity"
      FROM "InventoryItems" AS "i"
      ORDER BY "i"."Name"
      LIMIT @__p_1 OFFSET @__p_0
info: Microsoft.EntityFrameworkCore.Database.Command[20101]
      Executed DbCommand (0ms) [Parameters=[], CommandType='Text', CommandTimeout='30']
      SELECT COUNT(*)
      FROM "InventoryItems" AS "i"
info: Microsoft.EntityFrameworkCore.Database.Command[20101]
      Executed DbCommand (0ms) [Parameters=[@__p_1='?' (DbType = Int32), @__p_0='?' (DbType = Int32)], CommandType='Text', CommandTimeout='30']
      SELECT "i"."Id", "i"."Barcode", "i"."Category", "i"."DateAdded", "i"."Description", "i"."DonorEmail", "i"."DonorName", "i"."DonorPhone", "i"."ExpirationDate", "i"."LastUpdated", "i"."Name", "i"."Quantity"
      FROM "InventoryItems" AS "i"
      ORDER BY "i"."Name"
      LIMIT @__p_1 OFFSET @__p_0
info: Microsoft.EntityFrameworkCore.Database.Command[20101]
      Executed DbCommand (0ms) [Parameters=[], CommandType='Text', CommandTimeout='30']
      SELECT COUNT(*)
      FROM "InventoryItems" AS "i"
info: Microsoft.EntityFrameworkCore.Database.Command[20101]
      Executed DbCommand (0ms) [Parameters=[@__p_1='?' (DbType = Int32), @__p_0='?' (DbType = Int32)], CommandType='Text', CommandTimeout='30']
      SELECT "i"."Id", "i"."Barcode", "i"."Category", "i"."DateAdded", "i"."Description", "i"."DonorEmail", "i"."DonorName", "i"."DonorPhone", "i"."ExpirationDate", "i"."LastUpdated", "i"."Name", "i"."Quantity"
      FROM "InventoryItems" AS "i"
      ORDER BY "i"."Name"
      LIMIT @__p_1 OFFSET @__p_0
